<?xml version="1.0" encoding="UTF-8"?>
<!-- Generated by org.testng.reporters.JUnitReportReporter -->
<testsuite hostname="LAPTOP-H6MNQP0B" failures="0" tests="1" name="com.test.T2" time="0.000" errors="0" timestamp="2022-12-13T18:53:36 IST" skipped="1">
  <testcase classname="com.test.T2" name="getData" time="0.000">
    <skipped/>
  </testcase> <!-- getData -->
  <system-out/>
</testsuite> <!-- com.test.T2 -->
