<?xml version="1.0" encoding="UTF-8"?>
<!-- Generated by org.testng.reporters.JUnitReportReporter -->
<testsuite hostname="LAPTOP-H6MNQP0B" failures="0" tests="1" name="com.test.Practice" time="170.891" errors="0" timestamp="2022-12-31T15:32:42 IST" skipped="0">
  <testcase classname="com.test.Practice" name="t1" time="170.891"/>
  <system-out/>
</testsuite> <!-- com.test.Practice -->
