<?xml version="1.0" encoding="UTF-8"?>
<!-- Generated by org.testng.reporters.JUnitReportReporter -->
<testsuite hostname="LAPTOP-H6MNQP0B" failures="0" tests="2" name="com.test.T3" time="4.148" errors="0" timestamp="2022-12-17T18:27:03 IST" skipped="0">
  <testcase classname="com.test.T3" name="loginWithMultipleData" time="1.075"/>
  <system-out/>
  <testcase classname="com.test.T3" name="testFunctionality" time="3.073"/>
  <system-out/>
</testsuite> <!-- com.test.T3 -->
