<?xml version="1.0" encoding="UTF-8"?>
<!-- Generated by org.testng.reporters.JUnitReportReporter -->
<testsuite hostname="LAPTOP-H6MNQP0B" failures="0" tests="1" name="com.test.ReadXML" time="0.044" errors="0" timestamp="2022-12-18T12:20:37 IST" skipped="0">
  <testcase classname="com.test.ReadXML" name="getDta" time="0.044"/>
  <system-out/>
</testsuite> <!-- com.test.ReadXML -->
